<?xml version="1.0" encoding="UTF-8"?>
<!-- Generated by org.testng.reporters.JUnitXMLReporter -->
<testsuite ignored="10" hostname="Kapil" failures="0" tests="1" name="Default test" time="20.013" errors="0" timestamp="2024-06-17T16:50:28 EDT">
  <testcase classname="Ecommerce_Framework.Login_page" name="apply_for_leave" time="9.262"/>
  <testcase classname="Ecommerce_Framework.Login_page" name="delete_record" time="0.0">
    <ignored/>
  </testcase> <!-- delete_record -->
  <testcase classname="Ecommerce_Framework.Login_page" name="add_employee" time="0.0">
    <ignored/>
  </testcase> <!-- add_employee -->
  <testcase classname="Ecommerce_Framework.Login_page" name="test_logout" time="0.0">
    <ignored/>
  </testcase> <!-- test_logout -->
  <testcase classname="Ecommerce_Framework.Login_page" name="login_invalid_credentials" time="0.0">
    <ignored/>
  </testcase> <!-- login_invalid_credentials -->
  <testcase classname="Ecommerce_Framework.Login_page" name="login_valid_credentials" time="0.0">
    <ignored/>
  </testcase> <!-- login_valid_credentials -->
  <testcase classname="Ecommerce_Framework.Login_page" name="File_upload" time="0.0">
    <ignored/>
  </testcase> <!-- File_upload -->
  <testcase classname="Ecommerce_Framework.Login_page" name="handle_table" time="0.0">
    <ignored/>
  </testcase> <!-- handle_table -->
  <testcase classname="Ecommerce_Framework.Login_page" name="find_employee" time="0.0">
    <ignored/>
  </testcase> <!-- find_employee -->
  <testcase classname="Ecommerce_Framework.Login_page" name="search_employee" time="0.0">
    <ignored/>
  </testcase> <!-- search_employee -->
  <testcase classname="Ecommerce_Framework.Login_page" name="print_employee_list" time="0.0">
    <ignored/>
  </testcase> <!-- print_employee_list -->
</testsuite> <!-- Default test -->
