<?xml version="1.0" encoding="UTF-8"?>
<!-- Generated by org.testng.reporters.JUnitXMLReporter -->
<testsuite ignored="0" hostname="Kapil" failures="0" tests="5" name="Sanity Testing" time="0.05" errors="0" timestamp="2024-05-26T11:02:34 EDT">
  <testcase classname="BatchTesting.HomeScreenTest" name="LaunchApplication" time="0.008"/>
  <testcase classname="BatchTesting.HomeScreenTest" name="VerifyLogo" time="0.001"/>
  <testcase classname="BatchTesting.HomeScreenTest" name="VerifyTitle" time="0.001"/>
  <testcase classname="BatchTesting.LoginTest" name="LoginByEmail" time="0.002"/>
  <testcase classname="BatchTesting.LoginTest" name="LoginByMobileNo" time="0.001"/>
</testsuite> <!-- Sanity Testing -->
