<?xml version="1.0" encoding="UTF-8"?>
<!-- Generated by org.testng.reporters.JUnitXMLReporter -->
<testsuite ignored="1" hostname="Kapil" failures="1" tests="1" name="Test" time="84.731" errors="0" timestamp="2024-06-10T19:31:00 EDT">
  <testcase classname="Selenium.broken_links" name="broken_link" time="77.021">
    <failure type="java.net.MalformedURLException" message="unknown protocol: tel">
      <![CDATA[java.net.MalformedURLException: unknown protocol: tel
at java.base/java.net.URL.<init>(URL.java:779)
at java.base/java.net.URL.<init>(URL.java:654)
at java.base/java.net.URL.<init>(URL.java:590)
at Selenium.broken_links.broken_link(broken_links.java:62)
at java.base/java.util.ArrayList.forEach(ArrayList.java:1596)
... Removed 25 stack frames]]>
    </failure>
  </testcase> <!-- broken_link -->
  <testcase classname="Selenium.broken_links" name="get_all_url" time="0.0">
    <ignored/>
  </testcase> <!-- get_all_url -->
</testsuite> <!-- Test -->
