<?xml version="1.0" encoding="UTF-8"?>
<testng-results ignored="11" total="12" passed="0" failed="1" skipped="0">
  <reporter-output>
  </reporter-output>
  <suite started-at="2024-06-18T18:59:35 EDT" name="Default suite" finished-at="2024-06-18T19:00:01 EDT" duration-ms="26229">
    <groups>
    </groups>
    <test started-at="2024-06-18T18:59:35 EDT" name="Default test" finished-at="2024-06-18T19:00:01 EDT" duration-ms="26229">
      <class name="Ecommerce_Framework.Login_page">
        <test-method is-config="true" signature="set_up()[pri:0, instance:Ecommerce_Framework.Login_page@2f651f93]" started-at="2024-06-18T18:59:35 EDT" name="set_up" finished-at="2024-06-18T18:59:39 EDT" duration-ms="3333" status="PASS">
          <reporter-output>
          </reporter-output>
        </test-method> <!-- set_up -->
        <test-method signature="print_employee_list()[pri:0, instance:Ecommerce_Framework.Login_page@2f651f93]" started-at="2024-06-18T18:59:39 EDT" name="print_employee_list" finished-at="2024-06-18T18:59:55 EDT" duration-ms="16245" status="FAIL">
          <exception class="org.openqa.selenium.ElementClickInterceptedException">
            <message>
              <![CDATA[element click intercepted: Element <div data-v-6179b72a="" class="oxd-checkbox-wrapper">...</div> is not clickable at point (345, 9). Other element would receive the click: <div data-v-f0c5131f="" class="oxd-topbar-header-title">...</div>
  (Session info: chrome=126.0.6478.61)
Build info: version: '4.20.0', revision: '866c76ca80'
System info: os.name: 'Windows 11', os.arch: 'amd64', os.version: '10.0', java.version: '21.0.2'
Driver info: org.openqa.selenium.chrome.ChromeDriver
Command: [770f92e8ecb0293e31224d63e370e8ba, clickElement {id=f.4085D6D6C10F60876B5A4B540C0409F2.d.BEB74A6F6B85962246FDCE7F6E2ACAA7.e.287}]
Capabilities {acceptInsecureCerts: false, browserName: chrome, browserVersion: 126.0.6478.61, chrome: {chromedriverVersion: 126.0.6478.62 (b2781ca4c383..., userDataDir: C:\Users\kumar\AppData\Loca...}, fedcm:accounts: true, goog:chromeOptions: {debuggerAddress: localhost:56265}, networkConnectionEnabled: false, pageLoadStrategy: normal, platformName: windows, proxy: Proxy(), se:cdp: ws://localhost:56265/devtoo..., se:cdpVersion: 126.0.6478.61, setWindowRect: true, strictFileInteractability: false, timeouts: {implicit: 0, pageLoad: 300000, script: 30000}, unhandledPromptBehavior: dismiss and notify, webauthn:extension:credBlob: true, webauthn:extension:largeBlob: true, webauthn:extension:minPinLength: true, webauthn:extension:prf: true, webauthn:virtualAuthenticators: true}
Element: [[ChromeDriver: chrome on windows (770f92e8ecb0293e31224d63e370e8ba)] -> xpath: (//div[@class='oxd-table-body']//div[@class='oxd-table-card'])[37]//div[@class='oxd-checkbox-wrapper']]
Session ID: 770f92e8ecb0293e31224d63e370e8ba]]>
            </message>
            <full-stacktrace>
              <![CDATA[org.openqa.selenium.ElementClickInterceptedException: element click intercepted: Element <div data-v-6179b72a="" class="oxd-checkbox-wrapper">...</div> is not clickable at point (345, 9). Other element would receive the click: <div data-v-f0c5131f="" class="oxd-topbar-header-title">...</div>
  (Session info: chrome=126.0.6478.61)
Build info: version: '4.20.0', revision: '866c76ca80'
System info: os.name: 'Windows 11', os.arch: 'amd64', os.version: '10.0', java.version: '21.0.2'
Driver info: org.openqa.selenium.chrome.ChromeDriver
Command: [770f92e8ecb0293e31224d63e370e8ba, clickElement {id=f.4085D6D6C10F60876B5A4B540C0409F2.d.BEB74A6F6B85962246FDCE7F6E2ACAA7.e.287}]
Capabilities {acceptInsecureCerts: false, browserName: chrome, browserVersion: 126.0.6478.61, chrome: {chromedriverVersion: 126.0.6478.62 (b2781ca4c383..., userDataDir: C:\Users\kumar\AppData\Loca...}, fedcm:accounts: true, goog:chromeOptions: {debuggerAddress: localhost:56265}, networkConnectionEnabled: false, pageLoadStrategy: normal, platformName: windows, proxy: Proxy(), se:cdp: ws://localhost:56265/devtoo..., se:cdpVersion: 126.0.6478.61, setWindowRect: true, strictFileInteractability: false, timeouts: {implicit: 0, pageLoad: 300000, script: 30000}, unhandledPromptBehavior: dismiss and notify, webauthn:extension:credBlob: true, webauthn:extension:largeBlob: true, webauthn:extension:minPinLength: true, webauthn:extension:prf: true, webauthn:virtualAuthenticators: true}
Element: [[ChromeDriver: chrome on windows (770f92e8ecb0293e31224d63e370e8ba)] -> xpath: (//div[@class='oxd-table-body']//div[@class='oxd-table-card'])[37]//div[@class='oxd-checkbox-wrapper']]
Session ID: 770f92e8ecb0293e31224d63e370e8ba
at java.base/jdk.internal.reflect.DirectConstructorHandleAccessor.newInstance(DirectConstructorHandleAccessor.java:62)
at java.base/java.lang.reflect.Constructor.newInstanceWithCaller(Constructor.java:502)
at java.base/java.lang.reflect.Constructor.newInstance(Constructor.java:486)
at org.openqa.selenium.remote.ErrorCodec.decode(ErrorCodec.java:167)
at org.openqa.selenium.remote.codec.w3c.W3CHttpResponseCodec.decode(W3CHttpResponseCodec.java:138)
at org.openqa.selenium.remote.codec.w3c.W3CHttpResponseCodec.decode(W3CHttpResponseCodec.java:50)
at org.openqa.selenium.remote.HttpCommandExecutor.execute(HttpCommandExecutor.java:190)
at org.openqa.selenium.remote.service.DriverCommandExecutor.invokeExecute(DriverCommandExecutor.java:216)
at org.openqa.selenium.remote.service.DriverCommandExecutor.execute(DriverCommandExecutor.java:174)
at org.openqa.selenium.remote.RemoteWebDriver.execute(RemoteWebDriver.java:518)
at org.openqa.selenium.remote.RemoteWebElement.execute(RemoteWebElement.java:223)
at org.openqa.selenium.remote.RemoteWebElement.click(RemoteWebElement.java:76)
at Ecommerce_Framework.Login_page.print_employee_list(Login_page.java:341)
at java.base/jdk.internal.reflect.DirectMethodHandleAccessor.invoke(DirectMethodHandleAccessor.java:103)
at java.base/java.lang.reflect.Method.invoke(Method.java:580)
at org.testng.internal.MethodInvocationHelper.invokeMethod(MethodInvocationHelper.java:133)
at org.testng.internal.TestInvoker.invokeMethod(TestInvoker.java:598)
at org.testng.internal.TestInvoker.invokeTestMethod(TestInvoker.java:173)
at org.testng.internal.MethodRunner.runInSequence(MethodRunner.java:46)
at org.testng.internal.TestInvoker$MethodInvocationAgent.invoke(TestInvoker.java:824)
at org.testng.internal.TestInvoker.invokeTestMethods(TestInvoker.java:146)
at org.testng.internal.TestMethodWorker.invokeTestMethods(TestMethodWorker.java:146)
at org.testng.internal.TestMethodWorker.run(TestMethodWorker.java:128)
at java.base/java.util.ArrayList.forEach(ArrayList.java:1596)
at org.testng.TestRunner.privateRun(TestRunner.java:794)
at org.testng.TestRunner.run(TestRunner.java:596)
at org.testng.SuiteRunner.runTest(SuiteRunner.java:377)
at org.testng.SuiteRunner.runSequentially(SuiteRunner.java:371)
at org.testng.SuiteRunner.privateRun(SuiteRunner.java:332)
at org.testng.SuiteRunner.run(SuiteRunner.java:276)
at org.testng.SuiteRunnerWorker.runSuite(SuiteRunnerWorker.java:53)
at org.testng.SuiteRunnerWorker.run(SuiteRunnerWorker.java:96)
at org.testng.TestNG.runSuitesSequentially(TestNG.java:1212)
at org.testng.TestNG.runSuitesLocally(TestNG.java:1134)
at org.testng.TestNG.runSuites(TestNG.java:1063)
at org.testng.TestNG.run(TestNG.java:1031)
at org.testng.remote.AbstractRemoteTestNG.run(AbstractRemoteTestNG.java:115)
at org.testng.remote.RemoteTestNG.initAndRun(RemoteTestNG.java:251)
at org.testng.remote.RemoteTestNG.main(RemoteTestNG.java:77)
]]>
            </full-stacktrace>
          </exception> <!-- org.openqa.selenium.ElementClickInterceptedException -->
          <reporter-output>
          </reporter-output>
        </test-method> <!-- print_employee_list -->
        <test-method is-config="true" signature="tear_down()[pri:0, instance:Ecommerce_Framework.Login_page@2f651f93]" started-at="2024-06-18T18:59:55 EDT" name="tear_down" finished-at="2024-06-18T19:00:01 EDT" duration-ms="6627" status="PASS">
          <reporter-output>
          </reporter-output>
        </test-method> <!-- tear_down -->
      </class> <!-- Ecommerce_Framework.Login_page -->
    </test> <!-- Default test -->
  </suite> <!-- Default suite -->
</testng-results>
