<?xml version="1.0" encoding="UTF-8"?>
<testng-results ignored="0" total="4" passed="2" failed="1" skipped="1">
  <reporter-output>
  </reporter-output>
  <suite started-at="2024-06-25T14:19:04 EDT" name="Suite" finished-at="2024-06-25T14:19:18 EDT" duration-ms="13736">
    <groups>
    </groups>
    <test started-at="2024-06-25T14:19:04 EDT" name="Test" finished-at="2024-06-25T14:19:18 EDT" duration-ms="13736">
      <class name="BlazeDemo.PracticeTable">
        <test-method is-config="true" signature="setup()[pri:0, instance:BlazeDemo.PracticeTable@62230c58]" started-at="2024-06-25T14:19:04 EDT" name="setup" finished-at="2024-06-25T14:19:07 EDT" duration-ms="2578" status="PASS">
          <reporter-output>
          </reporter-output>
        </test-method> <!-- setup -->
        <test-method signature="test_01()[pri:0, instance:BlazeDemo.PracticeTable@62230c58]" started-at="2024-06-25T14:19:07 EDT" name="test_01" finished-at="2024-06-25T14:19:07 EDT" duration-ms="114" status="PASS">
          <reporter-output>
          </reporter-output>
        </test-method> <!-- test_01 -->
        <test-method is-config="true" signature="teardown(org.testng.ITestResult)[pri:0, instance:BlazeDemo.PracticeTable@62230c58]" started-at="2024-06-25T14:19:07 EDT" name="teardown" finished-at="2024-06-25T14:19:07 EDT" duration-ms="66" status="PASS">
          <params>
            <param index="0">
              <value>
                <![CDATA[[TestResult name=test_01 status=SUCCESS method=PracticeTable.test_01()[pri:0, instance:BlazeDemo.PracticeTable@62230c58] output={null}]]]>
              </value>
            </param>
          </params>
          <reporter-output>
          </reporter-output>
        </test-method> <!-- teardown -->
        <test-method is-config="true" signature="setup()[pri:0, instance:BlazeDemo.PracticeTable@62230c58]" started-at="2024-06-25T14:19:07 EDT" name="setup" finished-at="2024-06-25T14:19:09 EDT" duration-ms="2136" status="PASS">
          <reporter-output>
          </reporter-output>
        </test-method> <!-- setup -->
        <test-method signature="test_02()[pri:0, instance:BlazeDemo.PracticeTable@62230c58]" started-at="2024-06-25T14:19:09 EDT" name="test_02" finished-at="2024-06-25T14:19:13 EDT" duration-ms="3672" status="PASS">
          <reporter-output>
          </reporter-output>
        </test-method> <!-- test_02 -->
        <test-method is-config="true" signature="teardown(org.testng.ITestResult)[pri:0, instance:BlazeDemo.PracticeTable@62230c58]" started-at="2024-06-25T14:19:13 EDT" name="teardown" finished-at="2024-06-25T14:19:13 EDT" duration-ms="111" status="PASS">
          <params>
            <param index="0">
              <value>
                <![CDATA[[TestResult name=test_02 status=SUCCESS method=PracticeTable.test_02()[pri:0, instance:BlazeDemo.PracticeTable@62230c58] output={null}]]]>
              </value>
            </param>
          </params>
          <reporter-output>
          </reporter-output>
        </test-method> <!-- teardown -->
        <test-method is-config="true" signature="setup()[pri:0, instance:BlazeDemo.PracticeTable@62230c58]" started-at="2024-06-25T14:19:13 EDT" name="setup" finished-at="2024-06-25T14:19:15 EDT" duration-ms="2086" status="PASS">
          <reporter-output>
          </reporter-output>
        </test-method> <!-- setup -->
        <test-method signature="test_03()[pri:0, instance:BlazeDemo.PracticeTable@62230c58]" started-at="2024-06-25T14:19:15 EDT" name="test_03" finished-at="2024-06-25T14:19:15 EDT" duration-ms="3" status="SKIP">
          <exception class="org.testng.SkipException">
            <message>
              <![CDATA[Intentionally skipping this method to genrate Extent report]]>
            </message>
            <full-stacktrace>
              <![CDATA[org.testng.SkipException: Intentionally skipping this method to genrate Extent report
at BlazeDemo.PracticeTable.test_03(PracticeTable.java:137)
at java.base/jdk.internal.reflect.DirectMethodHandleAccessor.invoke(DirectMethodHandleAccessor.java:103)
at java.base/java.lang.reflect.Method.invoke(Method.java:580)
at org.testng.internal.MethodInvocationHelper.invokeMethod(MethodInvocationHelper.java:133)
at org.testng.internal.TestInvoker.invokeMethod(TestInvoker.java:598)
at org.testng.internal.TestInvoker.invokeTestMethod(TestInvoker.java:173)
at org.testng.internal.MethodRunner.runInSequence(MethodRunner.java:46)
at org.testng.internal.TestInvoker$MethodInvocationAgent.invoke(TestInvoker.java:824)
at org.testng.internal.TestInvoker.invokeTestMethods(TestInvoker.java:146)
at org.testng.internal.TestMethodWorker.invokeTestMethods(TestMethodWorker.java:146)
at org.testng.internal.TestMethodWorker.run(TestMethodWorker.java:128)
at java.base/java.util.ArrayList.forEach(ArrayList.java:1596)
at org.testng.TestRunner.privateRun(TestRunner.java:794)
at org.testng.TestRunner.run(TestRunner.java:596)
at org.testng.SuiteRunner.runTest(SuiteRunner.java:377)
at org.testng.SuiteRunner.runSequentially(SuiteRunner.java:371)
at org.testng.SuiteRunner.privateRun(SuiteRunner.java:332)
at org.testng.SuiteRunner.run(SuiteRunner.java:276)
at org.testng.SuiteRunnerWorker.runSuite(SuiteRunnerWorker.java:53)
at org.testng.SuiteRunnerWorker.run(SuiteRunnerWorker.java:96)
at org.testng.TestNG.runSuitesSequentially(TestNG.java:1212)
at org.testng.TestNG.runSuitesLocally(TestNG.java:1134)
at org.testng.TestNG.runSuites(TestNG.java:1063)
at org.testng.TestNG.run(TestNG.java:1031)
at org.testng.remote.AbstractRemoteTestNG.run(AbstractRemoteTestNG.java:115)
at org.testng.remote.RemoteTestNG.initAndRun(RemoteTestNG.java:251)
at org.testng.remote.RemoteTestNG.main(RemoteTestNG.java:77)
]]>
            </full-stacktrace>
          </exception> <!-- org.testng.SkipException -->
          <reporter-output>
          </reporter-output>
        </test-method> <!-- test_03 -->
        <test-method is-config="true" signature="teardown(org.testng.ITestResult)[pri:0, instance:BlazeDemo.PracticeTable@62230c58]" started-at="2024-06-25T14:19:15 EDT" name="teardown" finished-at="2024-06-25T14:19:15 EDT" duration-ms="107" status="PASS">
          <params>
            <param index="0">
              <value>
                <![CDATA[[TestResult name=test_03 status=SKIP method=PracticeTable.test_03()[pri:0, instance:BlazeDemo.PracticeTable@62230c58] output={null}]]]>
              </value>
            </param>
          </params>
          <reporter-output>
          </reporter-output>
        </test-method> <!-- teardown -->
        <test-method is-config="true" signature="setup()[pri:0, instance:BlazeDemo.PracticeTable@62230c58]" started-at="2024-06-25T14:19:15 EDT" name="setup" finished-at="2024-06-25T14:19:17 EDT" duration-ms="2190" status="PASS">
          <reporter-output>
          </reporter-output>
        </test-method> <!-- setup -->
        <test-method signature="test_04()[pri:0, instance:BlazeDemo.PracticeTable@62230c58]" started-at="2024-06-25T14:19:17 EDT" name="test_04" finished-at="2024-06-25T14:19:17 EDT" duration-ms="97" status="FAIL">
          <exception class="java.lang.AssertionError">
            <message>
              <![CDATA[expected [2015.0] but found [2105.82]]]>
            </message>
            <full-stacktrace>
              <![CDATA[java.lang.AssertionError: expected [2015.0] but found [2105.82]
at org.testng.Assert.fail(Assert.java:99)
at org.testng.Assert.failNotEquals(Assert.java:1037)
at org.testng.Assert.assertEquals(Assert.java:701)
at org.testng.Assert.assertEquals(Assert.java:712)
at BlazeDemo.PracticeTable.test_04(PracticeTable.java:152)
at java.base/jdk.internal.reflect.DirectMethodHandleAccessor.invoke(DirectMethodHandleAccessor.java:103)
at java.base/java.lang.reflect.Method.invoke(Method.java:580)
at org.testng.internal.MethodInvocationHelper.invokeMethod(MethodInvocationHelper.java:133)
at org.testng.internal.TestInvoker.invokeMethod(TestInvoker.java:598)
at org.testng.internal.TestInvoker.invokeTestMethod(TestInvoker.java:173)
at org.testng.internal.MethodRunner.runInSequence(MethodRunner.java:46)
at org.testng.internal.TestInvoker$MethodInvocationAgent.invoke(TestInvoker.java:824)
at org.testng.internal.TestInvoker.invokeTestMethods(TestInvoker.java:146)
at org.testng.internal.TestMethodWorker.invokeTestMethods(TestMethodWorker.java:146)
at org.testng.internal.TestMethodWorker.run(TestMethodWorker.java:128)
at java.base/java.util.ArrayList.forEach(ArrayList.java:1596)
at org.testng.TestRunner.privateRun(TestRunner.java:794)
at org.testng.TestRunner.run(TestRunner.java:596)
at org.testng.SuiteRunner.runTest(SuiteRunner.java:377)
at org.testng.SuiteRunner.runSequentially(SuiteRunner.java:371)
at org.testng.SuiteRunner.privateRun(SuiteRunner.java:332)
at org.testng.SuiteRunner.run(SuiteRunner.java:276)
at org.testng.SuiteRunnerWorker.runSuite(SuiteRunnerWorker.java:53)
at org.testng.SuiteRunnerWorker.run(SuiteRunnerWorker.java:96)
at org.testng.TestNG.runSuitesSequentially(TestNG.java:1212)
at org.testng.TestNG.runSuitesLocally(TestNG.java:1134)
at org.testng.TestNG.runSuites(TestNG.java:1063)
at org.testng.TestNG.run(TestNG.java:1031)
at org.testng.remote.AbstractRemoteTestNG.run(AbstractRemoteTestNG.java:115)
at org.testng.remote.RemoteTestNG.initAndRun(RemoteTestNG.java:251)
at org.testng.remote.RemoteTestNG.main(RemoteTestNG.java:77)
]]>
            </full-stacktrace>
          </exception> <!-- java.lang.AssertionError -->
          <reporter-output>
          </reporter-output>
        </test-method> <!-- test_04 -->
        <test-method is-config="true" signature="teardown(org.testng.ITestResult)[pri:0, instance:BlazeDemo.PracticeTable@62230c58]" started-at="2024-06-25T14:19:18 EDT" name="teardown" finished-at="2024-06-25T14:19:18 EDT" duration-ms="216" status="PASS">
          <params>
            <param index="0">
              <value>
                <![CDATA[[TestResult name=test_04 status=FAILURE method=PracticeTable.test_04()[pri:0, instance:BlazeDemo.PracticeTable@62230c58] output={null}]]]>
              </value>
            </param>
          </params>
          <reporter-output>
          </reporter-output>
        </test-method> <!-- teardown -->
      </class> <!-- BlazeDemo.PracticeTable -->
    </test> <!-- Test -->
  </suite> <!-- Suite -->
</testng-results>
