<?xml version="1.0" encoding="UTF-8"?>
<!-- Generated by org.testng.reporters.JUnitXMLReporter -->
<testsuite ignored="0" hostname="Kapil" failures="0" tests="5" name="Test" time="0.015" errors="0" timestamp="2024-05-26T11:02:34 EDT">
  <testcase classname="BatchTesting.PeymentTest" name="CashOnDelivery" time="0.003"/>
  <testcase classname="BatchTesting.PeymentTest" name="NetBanking" time="0.001"/>
  <testcase classname="BatchTesting.ProductPageTest" name="AddProductToCart" time="0.001"/>
  <testcase classname="BatchTesting.ProductPageTest" name="AddProductToWishList" time="0.001"/>
  <testcase classname="BatchTesting.ProductPageTest" name="SelectQuantiy" time="0.001"/>
</testsuite> <!-- Test -->
